[35m[1mScanning dependencies of target visualization_msgs_generate_messages_py[0m
[35m[1mScanning dependencies of target actionlib_msgs_generate_messages_nodejs[0m
[35m[1mScanning dependencies of target servo_state_publisher[0m
[35m[1mScanning dependencies of target visualization_msgs_generate_messages_nodejs[0m
[  0%] Built target actionlib_msgs_generate_messages_nodejs
[  0%] Built target visualization_msgs_generate_messages_py
[  0%] Built target visualization_msgs_generate_messages_nodejs
[  2%] [32mBuilding CXX object CMakeFiles/servo_state_publisher.dir/src/servo_state_publisher.cpp.o[0m
[35m[1mScanning dependencies of target visualization_msgs_generate_messages_lisp[0m
[35m[1mScanning dependencies of target tf_generate_messages_nodejs[0m
[35m[1mScanning dependencies of target tf_generate_messages_cpp[0m
[  2%] Built target visualization_msgs_generate_messages_lisp
[  2%] Built target tf_generate_messages_nodejs
[  2%] Built target tf_generate_messages_cpp
[35m[1mScanning dependencies of target trajectory_msgs_generate_messages_nodejs[0m
[35m[1mScanning dependencies of target trajectory_msgs_generate_messages_lisp[0m
[35m[1mScanning dependencies of target trajectory_msgs_generate_messages_cpp[0m
[  2%] Built target trajectory_msgs_generate_messages_lisp
[  2%] Built target trajectory_msgs_generate_messages_nodejs
[  2%] Built target trajectory_msgs_generate_messages_cpp
[35m[1mScanning dependencies of target tf2_msgs_generate_messages_nodejs[0m
[35m[1mScanning dependencies of target tf2_msgs_generate_messages_lisp[0m
[35m[1mScanning dependencies of target tf2_msgs_generate_messages_cpp[0m
[  2%] Built target tf2_msgs_generate_messages_nodejs
[  2%] Built target tf2_msgs_generate_messages_lisp
[  2%] Built target tf2_msgs_generate_messages_cpp
[35m[1mScanning dependencies of target actionlib_generate_messages_nodejs[0m
[35m[1mScanning dependencies of target tf_generate_messages_eus[0m
[35m[1mScanning dependencies of target actionlib_generate_messages_cpp[0m
[  2%] Built target actionlib_generate_messages_nodejs
[  2%] Built target actionlib_generate_messages_cpp
[  2%] Built target tf_generate_messages_eus
[35m[1mScanning dependencies of target rosgraph_msgs_generate_messages_lisp[0m
[  2%] Built target rosgraph_msgs_generate_messages_lisp
[35m[1mScanning dependencies of target actionlib_msgs_generate_messages_eus[0m
[35m[1mScanning dependencies of target visualization_msgs_generate_messages_eus[0m
[35m[1mScanning dependencies of target nav_msgs_generate_messages_cpp[0m
[  2%] Built target actionlib_msgs_generate_messages_eus
[  2%] Built target visualization_msgs_generate_messages_eus
[  2%] Built target nav_msgs_generate_messages_cpp
[35m[1mScanning dependencies of target trajectory_msgs_generate_messages_eus[0m
[35m[1mScanning dependencies of target roscpp_generate_messages_py[0m
[  2%] Built target trajectory_msgs_generate_messages_eus
[35m[1mScanning dependencies of target std_msgs_generate_messages_nodejs[0m
[  2%] Built target roscpp_generate_messages_py
[35m[1mScanning dependencies of target geometry_msgs_generate_messages_eus[0m
[  2%] Built target std_msgs_generate_messages_nodejs
[35m[1mScanning dependencies of target actionlib_generate_messages_py[0m
[  2%] Built target geometry_msgs_generate_messages_eus
[35m[1mScanning dependencies of target diagnostic_msgs_generate_messages_lisp[0m
[  2%] Built target actionlib_generate_messages_py
[35m[1mScanning dependencies of target nav_msgs_generate_messages_eus[0m
[  2%] Built target diagnostic_msgs_generate_messages_lisp
[35m[1mScanning dependencies of target std_msgs_generate_messages_cpp[0m
[35m[1mScanning dependencies of target diagnostic_msgs_generate_messages_eus[0m
[  2%] Built target nav_msgs_generate_messages_eus
[  2%] Built target std_msgs_generate_messages_cpp
[35m[1mScanning dependencies of target std_msgs_generate_messages_py[0m
[  2%] Built target diagnostic_msgs_generate_messages_eus
[  2%] Built target std_msgs_generate_messages_py
[35m[1mScanning dependencies of target roscpp_generate_messages_cpp[0m
[35m[1mScanning dependencies of target geometry_msgs_generate_messages_py[0m
[35m[1mScanning dependencies of target tf2_msgs_generate_messages_eus[0m
[  2%] Built target roscpp_generate_messages_cpp
[  2%] Built target geometry_msgs_generate_messages_py
[  2%] Built target tf2_msgs_generate_messages_eus
[35m[1mScanning dependencies of target sensor_msgs_generate_messages_py[0m
[35m[1mScanning dependencies of target tf_generate_messages_lisp[0m
[35m[1mScanning dependencies of target nav_msgs_generate_messages_py[0m
[  2%] Built target sensor_msgs_generate_messages_py
[  2%] Built target tf_generate_messages_lisp
[  2%] Built target nav_msgs_generate_messages_py
[35m[1mScanning dependencies of target roscpp_generate_messages_lisp[0m
[35m[1mScanning dependencies of target actionlib_generate_messages_lisp[0m
[  2%] Built target roscpp_generate_messages_lisp
[35m[1mScanning dependencies of target mavros_msgs_generate_messages_eus[0m
[  2%] Built target actionlib_generate_messages_lisp
[35m[1mScanning dependencies of target diagnostic_msgs_generate_messages_cpp[0m
[  2%] Built target mavros_msgs_generate_messages_eus
[35m[1mScanning dependencies of target rosgraph_msgs_generate_messages_py[0m
[  2%] Built target diagnostic_msgs_generate_messages_cpp
[35m[1mScanning dependencies of target geometry_msgs_generate_messages_cpp[0m
[  2%] Built target rosgraph_msgs_generate_messages_py
[35m[1mScanning dependencies of target geometry_msgs_generate_messages_nodejs[0m
[  2%] Built target geometry_msgs_generate_messages_cpp
[35m[1mScanning dependencies of target trajectory_msgs_generate_messages_py[0m
[35m[1mScanning dependencies of target actionlib_generate_messages_eus[0m
[  2%] Built target geometry_msgs_generate_messages_nodejs
[  2%] Built target actionlib_generate_messages_eus
[  2%] Built target trajectory_msgs_generate_messages_py
[35m[1mScanning dependencies of target rosgraph_msgs_generate_messages_cpp[0m
[35m[1mScanning dependencies of target diagnostic_msgs_generate_messages_nodejs[0m
[35m[1mScanning dependencies of target uuid_msgs_generate_messages_lisp[0m
[  2%] Built target rosgraph_msgs_generate_messages_cpp
[  2%] Built target diagnostic_msgs_generate_messages_nodejs
[  2%] Built target uuid_msgs_generate_messages_lisp
[35m[1mScanning dependencies of target roscpp_generate_messages_nodejs[0m
[35m[1mScanning dependencies of target geometry_msgs_generate_messages_lisp[0m
[35m[1mScanning dependencies of target mavros_msgs_generate_messages_py[0m
[  2%] Built target roscpp_generate_messages_nodejs
[  2%] Built target geometry_msgs_generate_messages_lisp
[  2%] Built target mavros_msgs_generate_messages_py
[35m[1mScanning dependencies of target std_msgs_generate_messages_lisp[0m
[35m[1mScanning dependencies of target roscpp_generate_messages_eus[0m
[35m[1mScanning dependencies of target uuid_msgs_generate_messages_eus[0m
[  2%] Built target std_msgs_generate_messages_lisp
[  2%] Built target roscpp_generate_messages_eus
[  2%] Built target uuid_msgs_generate_messages_eus
[35m[1mScanning dependencies of target uuid_msgs_generate_messages_cpp[0m
[35m[1mScanning dependencies of target rosgraph_msgs_generate_messages_nodejs[0m
[35m[1mScanning dependencies of target geographic_msgs_generate_messages_cpp[0m
[  2%] Built target uuid_msgs_generate_messages_cpp
[  2%] Built target rosgraph_msgs_generate_messages_nodejs
[  2%] Built target geographic_msgs_generate_messages_cpp
[35m[1mScanning dependencies of target geographic_msgs_generate_messages_eus[0m
[35m[1mScanning dependencies of target geographic_msgs_generate_messages_lisp[0m
[35m[1mScanning dependencies of target rosgraph_msgs_generate_messages_eus[0m
[  2%] Built target geographic_msgs_generate_messages_eus
[  2%] Built target geographic_msgs_generate_messages_lisp
[  2%] Built target rosgraph_msgs_generate_messages_eus
[35m[1mScanning dependencies of target nav_msgs_generate_messages_nodejs[0m
[35m[1mScanning dependencies of target diagnostic_msgs_generate_messages_py[0m
[  2%] Built target nav_msgs_generate_messages_nodejs
[35m[1mScanning dependencies of target sensor_msgs_generate_messages_cpp[0m
[  2%] Built target diagnostic_msgs_generate_messages_py
[35m[1mScanning dependencies of target geographic_msgs_generate_messages_nodejs[0m
[  2%] Built target sensor_msgs_generate_messages_cpp
[35m[1mScanning dependencies of target geographic_msgs_generate_messages_py[0m
[  2%] Built target geographic_msgs_generate_messages_nodejs
[  2%] Built target geographic_msgs_generate_messages_py
[35m[1mScanning dependencies of target visualization_msgs_generate_messages_cpp[0m
[35m[1mScanning dependencies of target sensor_msgs_generate_messages_eus[0m
[35m[1mScanning dependencies of target sensor_msgs_generate_messages_lisp[0m
[  2%] Built target visualization_msgs_generate_messages_cpp
[  2%] Built target sensor_msgs_generate_messages_eus
[  2%] Built target sensor_msgs_generate_messages_lisp
[35m[1mScanning dependencies of target uuid_msgs_generate_messages_nodejs[0m
[35m[1mScanning dependencies of target uuid_msgs_generate_messages_py[0m
[  2%] Built target uuid_msgs_generate_messages_nodejs
[35m[1mScanning dependencies of target tf2_msgs_generate_messages_py[0m
[  2%] Built target uuid_msgs_generate_messages_py
[35m[1mScanning dependencies of target mavros_msgs_generate_messages_cpp[0m
[  2%] Built target tf2_msgs_generate_messages_py
[35m[1mScanning dependencies of target actionlib_msgs_generate_messages_py[0m
[35m[1mScanning dependencies of target mavros_msgs_generate_messages_lisp[0m
[  2%] Built target actionlib_msgs_generate_messages_py
[  2%] Built target mavros_msgs_generate_messages_cpp
[  2%] Built target mavros_msgs_generate_messages_lisp
[35m[1mScanning dependencies of target mavros_msgs_generate_messages_nodejs[0m
[35m[1mScanning dependencies of target sensor_msgs_generate_messages_nodejs[0m
[35m[1mScanning dependencies of target nav_msgs_generate_messages_lisp[0m
[  2%] Built target mavros_msgs_generate_messages_nodejs
[  2%] Built target nav_msgs_generate_messages_lisp
[  2%] Built target sensor_msgs_generate_messages_nodejs
[35m[1mScanning dependencies of target actionlib_msgs_generate_messages_cpp[0m
[35m[1mScanning dependencies of target tf_generate_messages_py[0m
[35m[1mScanning dependencies of target actionlib_msgs_generate_messages_lisp[0m
[  2%] Built target actionlib_msgs_generate_messages_cpp
[  2%] Built target tf_generate_messages_py
[  2%] Built target actionlib_msgs_generate_messages_lisp
[35m[1mScanning dependencies of target std_msgs_generate_messages_eus[0m
[35m[1mScanning dependencies of target visualization[0m
[  2%] Built target std_msgs_generate_messages_eus
[  5%] [32mBuilding CXX object CMakeFiles/visualization.dir/src/visualization.cpp.o[0m
[35m[1mScanning dependencies of target mavros_extras[0m
[  8%] [32mBuilding CXX object CMakeFiles/mavros_extras.dir/src/plugins/cam_imu_sync.cpp.o[0m
[ 10%] [32mBuilding CXX object CMakeFiles/mavros_extras.dir/src/plugins/adsb.cpp.o[0m
[ 13%] [32m[1mLinking CXX executable /home/orange/orange_ws/devel/.private/mavros_extras/lib/mavros_extras/servo_state_publisher[0m
[ 13%] Built target servo_state_publisher
[ 16%] [32mBuilding CXX object CMakeFiles/mavros_extras.dir/src/plugins/camera.cpp.o[0m
[ 18%] [32m[1mLinking CXX executable /home/orange/orange_ws/devel/.private/mavros_extras/lib/mavros_extras/visualization[0m
[ 18%] Built target visualization
[ 21%] [32mBuilding CXX object CMakeFiles/mavros_extras.dir/src/plugins/cellular_status.cpp.o[0m
[ 24%] [32mBuilding CXX object CMakeFiles/mavros_extras.dir/src/plugins/companion_process_status.cpp.o[0m
[ 27%] [32mBuilding CXX object CMakeFiles/mavros_extras.dir/src/plugins/onboard_computer_status.cpp.o[0m
[ 29%] [32mBuilding CXX object CMakeFiles/mavros_extras.dir/src/plugins/debug_value.cpp.o[0m
[ 32%] [32mBuilding CXX object CMakeFiles/mavros_extras.dir/src/plugins/distance_sensor.cpp.o[0m
[ 35%] [32mBuilding CXX object CMakeFiles/mavros_extras.dir/src/plugins/esc_status.cpp.o[0m
[ 37%] [32mBuilding CXX object CMakeFiles/mavros_extras.dir/src/plugins/esc_telemetry.cpp.o[0m
[ 40%] [32mBuilding CXX object CMakeFiles/mavros_extras.dir/src/plugins/fake_gps.cpp.o[0m
[ 43%] [32mBuilding CXX object CMakeFiles/mavros_extras.dir/src/plugins/gps_input.cpp.o[0m
[ 45%] [32mBuilding CXX object CMakeFiles/mavros_extras.dir/src/plugins/gps_rtk.cpp.o[0m
[ 48%] [32mBuilding CXX object CMakeFiles/mavros_extras.dir/src/plugins/gps_status.cpp.o[0m
[ 51%] [32mBuilding CXX object CMakeFiles/mavros_extras.dir/src/plugins/landing_target.cpp.o[0m
[ 54%] [32mBuilding CXX object CMakeFiles/mavros_extras.dir/src/plugins/log_transfer.cpp.o[0m
[01m[K/home/orange/orange_ws/src/mavros/mavros_extras/src/plugins/gps_status.cpp:[m[K In member function ‘[01m[Kvoid mavros::extra_plugins::GpsStatusPlugin::handle_gps2_raw(const mavlink_message_t*, mavlink::common::msg::GPS2_RAW&)[m[K’:
[01m[K/home/orange/orange_ws/src/mavros/mavros_extras/src/plugins/gps_status.cpp:107:40:[m[K [01;31m[Kerror: [m[K‘[01m[Kstruct mavlink::common::msg::GPS2_RAW[m[K’ has no member named ‘[01m[Kalt_ellipsoid[m[K’
  107 |   ros_msg->alt_ellipsoid     = mav_msg.[01;31m[Kalt_ellipsoid[m[K;
      |                                        [01;31m[K^~~~~~~~~~~~~[m[K
[01m[K/home/orange/orange_ws/src/mavros/mavros_extras/src/plugins/gps_status.cpp:108:40:[m[K [01;31m[Kerror: [m[K‘[01m[Kstruct mavlink::common::msg::GPS2_RAW[m[K’ has no member named ‘[01m[Kh_acc[m[K’
  108 |   ros_msg->h_acc             = mav_msg.[01;31m[Kh_acc[m[K;
      |                                        [01;31m[K^~~~~[m[K
[01m[K/home/orange/orange_ws/src/mavros/mavros_extras/src/plugins/gps_status.cpp:109:40:[m[K [01;31m[Kerror: [m[K‘[01m[Kstruct mavlink::common::msg::GPS2_RAW[m[K’ has no member named ‘[01m[Kv_acc[m[K’
  109 |   ros_msg->v_acc             = mav_msg.[01;31m[Kv_acc[m[K;
      |                                        [01;31m[K^~~~~[m[K
[01m[K/home/orange/orange_ws/src/mavros/mavros_extras/src/plugins/gps_status.cpp:110:40:[m[K [01;31m[Kerror: [m[K‘[01m[Kstruct mavlink::common::msg::GPS2_RAW[m[K’ has no member named ‘[01m[Kvel_acc[m[K’
  110 |   ros_msg->vel_acc           = mav_msg.[01;31m[Kvel_acc[m[K;
      |                                        [01;31m[K^~~~~~~[m[K
[01m[K/home/orange/orange_ws/src/mavros/mavros_extras/src/plugins/gps_status.cpp:111:40:[m[K [01;31m[Kerror: [m[K‘[01m[Kstruct mavlink::common::msg::GPS2_RAW[m[K’ has no member named ‘[01m[Khdg_acc[m[K’
  111 |   ros_msg->hdg_acc           = mav_msg.[01;31m[Khdg_acc[m[K;
      |                                        [01;31m[K^~~~~~~[m[K
make[2]: *** [CMakeFiles/mavros_extras.dir/build.make:232: CMakeFiles/mavros_extras.dir/src/plugins/gps_status.cpp.o] Error 1
make[2]: *** Waiting for unfinished jobs....
make[1]: *** [CMakeFiles/Makefile2:735: CMakeFiles/mavros_extras.dir/all] Error 2
make: *** [Makefile:141: all] Error 2
